# JRE version: OpenJDK Runtime Environment Corretto-17.0.15.6.1 (17.0.15+6) (build 17.0.15+6-LTS)
# Java VM: OpenJDK 64-Bit Server VM Corretto-17.0.15.6.1 (17.0.15+6-LTS, mixed mode, sharing, tiered, compressed oops, compressed class ptrs, g1 gc, windows-amd64)
GC Precious Log:
 CPUs: 4 total, 4 available
 Memory: 3989M
 Large Page Support: Disabled
 NUMA Support: Disabled
 Compressed Oops: Enabled (32-bit)
 Heap Region Size: 1M
 Heap Min Capacity: 8M
 Heap Initial Capacity: 64M
 Heap Max Capacity: 998M
 Pre-touch: Disabled
 Parallel Workers: 4
 Concurrent Workers: 1
 Concurrent Refinement Workers: 4
 Periodic GC: Disabled
Heap:
 garbage-first heap   total 61440K, used 27559K [0x00000000c1a00000, 0x0000000100000000)
  region size 1024K, 5 young (5120K), 4 survivors (4096K)
 Metaspace       used 60076K, committed 60544K, reserved 1114112K
  class space    used 8143K, committed 8384K, reserved 1048576K
GC Heap History (20 events):
Event: 5.095 GC heap before
{Heap before GC invocations=4 (full 0):
 garbage-first heap   total 65536K, used 43363K [0x00000000c1a00000, 0x0000000100000000)
  region size 1024K, 34 young (34816K), 5 survivors (5120K)
 Metaspace       used 21109K, committed 21504K, reserved 1114112K
  class space    used 2625K, committed 2816K, reserved 1048576K
}
Event: 5.112 GC heap after
{Heap after GC invocations=5 (full 0):
 garbage-first heap   total 65536K, used 15732K [0x00000000c1a00000, 0x0000000100000000)
  region size 1024K, 3 young (3072K), 3 survivors (3072K)
 Metaspace       used 21109K, committed 21504K, reserved 1114112K
  class space    used 2625K, committed 2816K, reserved 1048576K
}
Event: 5.129 GC heap before
{Heap before GC invocations=5 (full 0):
 garbage-first heap   total 65536K, used 15732K [0x00000000c1a00000, 0x0000000100000000)
  region size 1024K, 4 young (4096K), 3 survivors (3072K)
 Metaspace       used 21142K, committed 21504K, reserved 1114112K
  class space    used 2631K, committed 2816K, reserved 1048576K
}
Event: 5.137 GC heap after
{Heap after GC invocations=6 (full 0):
 garbage-first heap   total 78848K, used 16265K [0x00000000c1a00000, 0x0000000100000000)
  region size 1024K, 1 young (1024K), 1 survivors (1024K)
 Metaspace       used 21142K, committed 21504K, reserved 1114112K
  class space    used 2631K, committed 2816K, reserved 1048576K
}
Event: 7.422 GC heap before
{Heap before GC invocations=7 (full 0):
 garbage-first heap   total 61440K, used 52105K [0x00000000c1a00000, 0x0000000100000000)
  region size 1024K, 36 young (36864K), 1 survivors (1024K)
 Metaspace       used 26251K, committed 26688K, reserved 1114112K
  class space    used 3445K, committed 3648K, reserved 1048576K
}
Event: 7.434 GC heap after
{Heap after GC invocations=8 (full 0):
 garbage-first heap   total 61440K, used 19051K [0x00000000c1a00000, 0x0000000100000000)
  region size 1024K, 4 young (4096K), 4 survivors (4096K)
 Metaspace       used 26251K, committed 26688K, reserved 1114112K
  class space    used 3445K, committed 3648K, reserved 1048576K
}
Event: 7.470 GC heap before
{Heap before GC invocations=8 (full 0):
 garbage-first heap   total 61440K, used 19051K [0x00000000c1a00000, 0x0000000100000000)
  region size 1024K, 5 young (5120K), 4 survivors (4096K)
 Metaspace       used 26393K, committed 26816K, reserved 1114112K
  class space    used 3481K, committed 3712K, reserved 1048576K
}
Event: 7.478 GC heap after
{Heap after GC invocations=9 (full 0):
 garbage-first heap   total 61440K, used 19229K [0x00000000c1a00000, 0x0000000100000000)
  region size 1024K, 1 young (1024K), 1 survivors (1024K)
 Metaspace       used 26393K, committed 26816K, reserved 1114112K
  class space    used 3481K, committed 3712K, reserved 1048576K
}
Event: 9.373 GC heap before
{Heap before GC invocations=9 (full 0):
 garbage-first heap   total 61440K, used 45853K [0x00000000c1a00000, 0x0000000100000000)
  region size 1024K, 27 young (27648K), 1 survivors (1024K)
 Metaspace       used 32127K, committed 32576K, reserved 1114112K
  class space    used 4184K, committed 4416K, reserved 1048576K
}
Event: 9.378 GC heap after
{Heap after GC invocations=10 (full 0):
 garbage-first heap   total 61440K, used 21172K [0x00000000c1a00000, 0x0000000100000000)
  region size 1024K, 3 young (3072K), 3 survivors (3072K)
 Metaspace       used 32127K, committed 32576K, reserved 1114112K
  class space    used 4184K, committed 4416K, reserved 1048576K
}
Event: 9.971 GC heap before
{Heap before GC invocations=10 (full 0):
 garbage-first heap   total 61440K, used 34484K [0x00000000c1a00000, 0x0000000100000000)
  region size 1024K, 17 young (17408K), 3 survivors (3072K)
 Metaspace       used 35566K, committed 35968K, reserved 1114112K
  class space    used 4716K, committed 4928K, reserved 1048576K
}
Event: 9.976 GC heap after
{Heap after GC invocations=11 (full 0):
 garbage-first heap   total 61440K, used 21931K [0x00000000c1a00000, 0x0000000100000000)
  region size 1024K, 1 young (1024K), 1 survivors (1024K)
 Metaspace       used 35566K, committed 35968K, reserved 1114112K
  class space    used 4716K, committed 4928K, reserved 1048576K
}
Event: 12.229 GC heap before
{Heap before GC invocations=12 (full 0):
 garbage-first heap   total 61440K, used 46507K [0x00000000c1a00000, 0x0000000100000000)
  region size 1024K, 26 young (26624K), 1 survivors (1024K)
 Metaspace       used 45146K, committed 45568K, reserved 1114112K
  class space    used 5979K, committed 6208K, reserved 1048576K
}
Event: 12.235 GC heap after
{Heap after GC invocations=13 (full 0):
 garbage-first heap   total 61440K, used 24427K [0x00000000c1a00000, 0x0000000100000000)
  region size 1024K, 4 young (4096K), 4 survivors (4096K)
 Metaspace       used 45146K, committed 45568K, reserved 1114112K
  class space    used 5979K, committed 6208K, reserved 1048576K
}
Event: 12.296 GC heap before
{Heap before GC invocations=13 (full 0):
 garbage-first heap   total 61440K, used 25451K [0x00000000c1a00000, 0x0000000100000000)
  region size 1024K, 5 young (5120K), 4 survivors (4096K)
 Metaspace       used 45355K, committed 45824K, reserved 1114112K
  class space    used 6005K, committed 6208K, reserved 1048576K
}
Event: 12.301 GC heap after
{Heap after GC invocations=14 (full 0):
 garbage-first heap   total 61440K, used 24609K [0x00000000c1a00000, 0x0000000100000000)
  region size 1024K, 1 young (1024K), 1 survivors (1024K)
 Metaspace       used 45355K, committed 45824K, reserved 1114112K
  class space    used 6005K, committed 6208K, reserved 1048576K
}
Event: 14.259 GC heap before
{Heap before GC invocations=14 (full 0):
 garbage-first heap   total 61440K, used 46113K [0x00000000c1a00000, 0x0000000100000000)
  region size 1024K, 23 young (23552K), 1 survivors (1024K)
 Metaspace       used 50030K, committed 50496K, reserved 1114112K
  class space    used 6614K, committed 6848K, reserved 1048576K
}
Event: 14.264 GC heap after
{Heap after GC invocations=15 (full 0):
 garbage-first heap   total 61440K, used 25582K [0x00000000c1a00000, 0x0000000100000000)
  region size 1024K, 2 young (2048K), 2 survivors (2048K)
 Metaspace       used 50030K, committed 50496K, reserved 1114112K
  class space    used 6614K, committed 6848K, reserved 1048576K
}
Event: 15.772 GC heap before
{Heap before GC invocations=15 (full 0):
 garbage-first heap   total 61440K, used 47086K [0x00000000c1a00000, 0x0000000100000000)
  region size 1024K, 24 young (24576K), 2 survivors (2048K)
 Metaspace       used 56996K, committed 57472K, reserved 1114112K
  class space    used 7744K, committed 7936K, reserved 1048576K
}
Event: 15.779 GC heap after
{Heap after GC invocations=16 (full 0):
 garbage-first heap   total 61440K, used 26320K [0x00000000c1a00000, 0x0000000100000000)
  region size 1024K, 3 young (3072K), 3 survivors (3072K)
 Metaspace       used 56996K, committed 57472K, reserved 1114112K
  class space    used 7744K, committed 7936K, reserved 1048576K
}

